<?xml version="1.0" encoding="UTF-8"?>
<!-- Generated by org.testng.reporters.JUnitReportReporter -->
<testsuite hostname="LAPTOP-BCBO1JTN" failures="0" tests="1" name="testCases.TC002_LoginTest" time="16.948" errors="0" timestamp="2024-10-25T11:55:47 IST" skipped="0">
  <testcase classname="testCases.TC002_LoginTest" name="verify_Login" time="16.948"/>
  <system-out/>
</testsuite> <!-- testCases.TC002_LoginTest -->
