<?xml version="1.0" encoding="UTF-8"?>
<!-- Generated by org.testng.reporters.JUnitReportReporter -->
<testsuite hostname="LAPTOP-BCBO1JTN" failures="0" tests="2" name="testCases.TC001_AccountRigistration" time="13.578" errors="0" timestamp="2024-10-30T17:16:06 IST" skipped="0">
  <testcase classname="testCases.TC001_AccountRigistration" name="verify_account_registration" time="6.696"/>
  <system-out/>
  <testcase classname="testCases.TC001_AccountRigistration" name="verify_account_registration" time="6.882"/>
  <system-out/>
</testsuite> <!-- testCases.TC001_AccountRigistration -->
